<?xml version="1.0" encoding="UTF-8"?>
<!-- Generated by org.testng.reporters.JUnitXMLReporter -->
<testsuite ignored="0" hostname="LAPTOP-P84HT5P2" failures="0" tests="1" name="LealzyCity" time="0.172" errors="0" timestamp="2023-03-19T22:06:34 IST">
  <testcase classname="testcase.BaseClass" name="@BeforeClass setup" time="-1.679243794438E9">
    <failure type="org.testng.TestNGException" message="
Parameter &amp;apos;browser&amp;apos; is required by BeforeClass on method setup but has not been marked @Optional or defined
in C:\Users\ASUS\eclipse-workspace\LealzyCity\testng.xml">
      <![CDATA[org.testng.TestNGException: 
Parameter 'browser' is required by BeforeClass on method setup but has not been marked @Optional or defined
in C:\Users\ASUS\eclipse-workspace\LealzyCity\testng.xml
at java.base/java.util.ArrayList.forEach(ArrayList.java:1511)
... Removed 22 stack frames]]>
    </failure>
  </testcase> <!-- @BeforeClass setup -->
  <testcase classname="testcase.BaseClass" name="@AfterClass teardown" time="0.0">
    <skipped/>
  </testcase> <!-- @AfterClass teardown -->
  <testcase classname="testcase.TC_001" name="testcase" time="0.001">
    <skipped/>
  </testcase> <!-- testcase -->
</testsuite> <!-- LealzyCity -->
