<?xml version="1.0" encoding="UTF-8"?>
<!-- Generated by org.testng.reporters.JUnitXMLReporter -->
<testsuite ignored="0" hostname="LAPTOP-P84HT5P2" failures="0" tests="1" name="LealzyCity" time="0.296" errors="0" timestamp="2023-03-19T21:58:44 IST">
  <testcase classname="testcase.BaseClass" name="@BeforeClass setup" time="0.157">
    <failure type="java.lang.NullPointerException">
      <![CDATA[java.lang.NullPointerException
at java.base/java.util.concurrent.ConcurrentHashMap.putVal(ConcurrentHashMap.java:1011)
at java.base/java.util.concurrent.ConcurrentHashMap.put(ConcurrentHashMap.java:1006)
at java.base/java.util.Properties.put(Properties.java:1340)
at java.base/java.util.Properties.setProperty(Properties.java:230)
at java.base/java.lang.System.setProperty(System.java:1045)
at testcase.BaseClass.setup(BaseClass.java:40)
at java.base/java.util.ArrayList.forEach(ArrayList.java:1511)
... Removed 23 stack frames]]>
    </failure>
  </testcase> <!-- @BeforeClass setup -->
  <testcase classname="testcase.BaseClass" name="@AfterClass teardown" time="0.0">
    <skipped/>
  </testcase> <!-- @AfterClass teardown -->
  <testcase classname="testcase.TC_001" name="testcase" time="0.002">
    <skipped/>
  </testcase> <!-- testcase -->
</testsuite> <!-- LealzyCity -->
